2024-12-26 17:36:24,115 - DEBUG - system - 
==== Launch the application: 2024-12-26 17:36:24 ====

2024-12-26 17:36:24,115 - DEBUG - system - The folder with the rebuilt plugins does not exist.
2024-12-26 17:36:33,886 - DEBUG - system - The plugins folder has been copied to the clipboard: buffer\OperatingSystemSimulator
2024-12-26 17:36:33,887 - DEBUG - system - Creating 1 load blocks for plugins
2024-12-26 17:36:33,889 - DEBUG - system - Read plugin data from: buffer\OperatingSystemSimulator
2024-12-26 17:36:33,901 - DEBUG - system - Plugin found: Operating System Simulator
2024-12-26 17:36:33,929 - DEBUG - system - All plugins are loaded. 
2024-12-26 17:36:52,642 - INFO - system - All plugins are collected. 
2024-12-26 17:43:05,440 - DEBUG - system - 
==== Launch the application: 2024-12-26 17:43:05 ====

2024-12-26 17:43:05,653 - INFO - system - RebuiltPlugins folder deleted: C:\Users\SERG\Desktop\Unreal Engine Converter\RebuiltPlugins
2024-12-26 17:43:12,506 - DEBUG - system - Old copy buffer\OperatingSystemSimulator deleted
2024-12-26 17:43:13,688 - DEBUG - system - The plugins folder has been copied to the clipboard: buffer\OperatingSystemSimulator
2024-12-26 17:43:13,688 - DEBUG - system - Creating 1 load blocks for plugins
2024-12-26 17:43:13,689 - DEBUG - system - Read plugin data from: buffer\OperatingSystemSimulator
2024-12-26 17:43:13,699 - DEBUG - system - Plugin found: Operating System Simulator
2024-12-26 17:43:13,723 - DEBUG - system - All plugins are loaded. 
2024-12-26 17:43:58,681 - INFO - system - All plugins are collected. 
2024-12-26 17:44:52,521 - DEBUG - system - 
==== Launch the application: 2024-12-26 17:44:52 ====

2024-12-26 17:44:52,716 - INFO - system - RebuiltPlugins folder deleted: C:\Users\SERG\Desktop\Unreal Engine Converter\RebuiltPlugins
2024-12-26 17:44:56,836 - DEBUG - system - Old copy buffer\OperatingSystemSimulator deleted
2024-12-26 17:44:58,032 - DEBUG - system - The plugins folder has been copied to the clipboard: buffer\OperatingSystemSimulator
2024-12-26 17:44:58,033 - DEBUG - system - Creating 1 load blocks for plugins
2024-12-26 17:44:58,034 - DEBUG - system - Read plugin data from: buffer\OperatingSystemSimulator
2024-12-26 17:44:58,047 - DEBUG - system - Plugin found: Operating System Simulator
2024-12-26 17:44:58,080 - DEBUG - system - All plugins are loaded. 
2024-12-26 17:45:12,805 - INFO - system - All plugins are collected. 
2024-12-26 17:46:17,505 - DEBUG - system - 
==== Launch the application: 2024-12-26 17:46:17 ====

2024-12-26 17:46:17,690 - INFO - system - RebuiltPlugins folder deleted: C:\Users\SERG\Desktop\Unreal Engine Converter\RebuiltPlugins
2024-12-26 17:46:23,068 - DEBUG - system - Старая копия buffer\OperatingSystemSimulator удалена
2024-12-26 17:46:23,966 - DEBUG - system - Папка плагинов скопирована в буфер: buffer\OperatingSystemSimulator
2024-12-26 17:46:23,966 - DEBUG - system - Создание 1 загрузочных блоков для плагинов
2024-12-26 17:46:23,971 - DEBUG - system - Чтение данных плагина из: buffer\OperatingSystemSimulator
2024-12-26 17:46:23,981 - DEBUG - system - Найден плагин: Operating System Simulator
2024-12-26 17:46:24,004 - DEBUG - system - Все плагины загружены. Обновление списка плагинов.
2024-12-26 17:46:37,574 - INFO - system - Все плагины собраны. Кнопка для пересборки разблокирована.
2024-12-26 17:49:40,600 - DEBUG - system - 
==== Launch the application: 2024-12-26 17:49:40 ====

2024-12-26 17:49:40,771 - INFO - system - RebuiltPlugins folder deleted: C:\Users\SERG\Desktop\Unreal Engine Converter\RebuiltPlugins
2024-12-26 17:49:53,226 - DEBUG - system - Старая копия buffer\OperatingSystemSimulator удалена
2024-12-26 17:49:54,265 - DEBUG - system - Папка плагинов скопирована в буфер: buffer\OperatingSystemSimulator
2024-12-26 17:49:54,265 - DEBUG - system - Создание 1 загрузочных блоков для плагинов
2024-12-26 17:49:54,267 - DEBUG - system - Чтение данных плагина из: buffer\OperatingSystemSimulator
2024-12-26 17:49:54,278 - DEBUG - system - Найден плагин: Operating System Simulator
2024-12-26 17:49:54,305 - DEBUG - system - Все плагины загружены. Обновление списка плагинов.
2024-12-26 17:50:07,231 - INFO - system - Все плагины собраны. Кнопка для пересборки разблокирована.
